# JRE version: OpenJDK Runtime Environment (11.0.11+9) (build 11.0.11+9-b60-7590822)
# Java VM: OpenJDK 64-Bit Server VM (11.0.11+9-b60-7590822, mixed mode, tiered, compressed oops, g1 gc, windows-amd64)
Heap:
 garbage-first heap   total 520192K, used 20879K [0x0000000080000000, 0x0000000100000000)
  region size 1024K, 6 young (6144K), 2 survivors (2048K)
 Metaspace       used 23313K, capacity 23963K, committed 24112K, reserved 1071104K
  class space    used 2946K, capacity 3157K, committed 3200K, reserved 1048576K
GC Heap History (6 events):
Event: 0.530 GC heap before
{Heap before GC invocations=0 (full 0):
 garbage-first heap   total 520192K, used 30720K [0x0000000080000000, 0x0000000100000000)
  region size 1024K, 25 young (25600K), 0 survivors (0K)
 Metaspace       used 10296K, capacity 10501K, committed 10624K, reserved 1058816K
  class space    used 1067K, capacity 1139K, committed 1152K, reserved 1048576K
}
Event: 0.533 GC heap after
{Heap after GC invocations=1 (full 0):
 garbage-first heap   total 520192K, used 9365K [0x0000000080000000, 0x0000000100000000)
  region size 1024K, 4 young (4096K), 4 survivors (4096K)
 Metaspace       used 10296K, capacity 10501K, committed 10624K, reserved 1058816K
  class space    used 1067K, capacity 1139K, committed 1152K, reserved 1048576K
}
Event: 1.561 GC heap before
{Heap before GC invocations=1 (full 0):
 garbage-first heap   total 520192K, used 105621K [0x0000000080000000, 0x0000000100000000)
  region size 1024K, 99 young (101376K), 4 survivors (4096K)
 Metaspace       used 20639K, capacity 21136K, committed 21296K, reserved 1069056K
  class space    used 2501K, capacity 2658K, committed 2688K, reserved 1048576K
}
Event: 1.566 GC heap after
{Heap after GC invocations=2 (full 0):
 garbage-first heap   total 520192K, used 16624K [0x0000000080000000, 0x0000000100000000)
  region size 1024K, 12 young (12288K), 12 survivors (12288K)
 Metaspace       used 20639K, capacity 21136K, committed 21296K, reserved 1069056K
  class space    used 2501K, capacity 2658K, committed 2688K, reserved 1048576K
}
Event: 1.657 GC heap before
{Heap before GC invocations=3 (full 0):
 garbage-first heap   total 520192K, used 41200K [0x0000000080000000, 0x0000000100000000)
  region size 1024K, 36 young (36864K), 12 survivors (12288K)
 Metaspace       used 22761K, capacity 23330K, committed 23600K, reserved 1069056K
  class space    used 2885K, capacity 3074K, committed 3200K, reserved 1048576K
}
Event: 1.660 GC heap after
{Heap after GC invocations=4 (full 0):
 garbage-first heap   total 520192K, used 17807K [0x0000000080000000, 0x0000000100000000)
  region size 1024K, 2 young (2048K), 2 survivors (2048K)
 Metaspace       used 22761K, capacity 23330K, committed 23600K, reserved 1069056K
  class space    used 2885K, capacity 3074K, committed 3200K, reserved 1048576K
}

